9417 [Test worker] INFO  org.nat.phonebook.TestBase -- Start test addContactPositiveTest with data: []
15692 [Test worker] INFO  org.nat.phonebook.TestBase -- PASSED: addContactPositiveTest
15693 [Test worker] INFO  org.nat.phonebook.TestBase -- Stop test
15693 [Test worker] ERROR org.nat.phonebook.TestBase -- *****************************
15719 [Test worker] INFO  org.nat.phonebook.TestBase -- Start test addContactPositiveTestFromDataProvider with data: [Oliver, Kann, 1234567890, k@g.com, Berlin, actor]
29220 [Test worker] INFO  org.nat.phonebook.TestBase -- PASSED: addContactPositiveTestFromDataProvider
29221 [Test worker] INFO  org.nat.phonebook.TestBase -- Stop test
29221 [Test worker] ERROR org.nat.phonebook.TestBase -- *****************************
29228 [Test worker] INFO  org.nat.phonebook.TestBase -- Start test addContactPositiveTestFromDataProvider with data: [Oliver1, Kann, 1234567880, k@g.com, Berlin, actor]
42541 [Test worker] INFO  org.nat.phonebook.TestBase -- PASSED: addContactPositiveTestFromDataProvider
42542 [Test worker] INFO  org.nat.phonebook.TestBase -- Stop test
42542 [Test worker] ERROR org.nat.phonebook.TestBase -- *****************************
42549 [Test worker] INFO  org.nat.phonebook.TestBase -- Start test addContactPositiveTestFromDataProvider with data: [Oliver2, Kann, 1234567870, k@g.com, Berlin, actor]
55895 [Test worker] INFO  org.nat.phonebook.TestBase -- PASSED: addContactPositiveTestFromDataProvider
55895 [Test worker] INFO  org.nat.phonebook.TestBase -- Stop test
55895 [Test worker] ERROR org.nat.phonebook.TestBase -- *****************************
55907 [Test worker] INFO  org.nat.phonebook.TestBase -- Start test addContactPositiveTestFromDataProviderWithCSV with data: [Contact{name='Le', phone='1234567899'}]
69829 [Test worker] ERROR org.nat.phonebook.TestBase -- FAILED: addContactPositiveTestFromDataProviderWithCSVScreenshot: D:\GitHub\Playwright_PHONE\screenshots\screen1754066731.png
69832 [Test worker] INFO  org.nat.phonebook.TestBase -- Stop test
69834 [Test worker] ERROR org.nat.phonebook.TestBase -- *****************************
69870 [Test worker] INFO  org.nat.phonebook.TestBase -- Start test addContactPositiveTestFromDataProviderWithCSV with data: [Contact{name='Manuelllllllllll', phone='1234567899'}]
83691 [Test worker] ERROR org.nat.phonebook.TestBase -- FAILED: addContactPositiveTestFromDataProviderWithCSVScreenshot: D:\GitHub\Playwright_PHONE\screenshots\screen1754066745.png
83693 [Test worker] INFO  org.nat.phonebook.TestBase -- Stop test
83695 [Test worker] ERROR org.nat.phonebook.TestBase -- *****************************
83706 [Test worker] INFO  org.nat.phonebook.TestBase -- Start test addContactPositiveTestFromDataProviderWithCSV with data: [Contact{name='Manuel-le', phone='1234567899'}]
97329 [Test worker] ERROR org.nat.phonebook.TestBase -- FAILED: addContactPositiveTestFromDataProviderWithCSVScreenshot: D:\GitHub\Playwright_PHONE\screenshots\screen1754066759.png
97330 [Test worker] INFO  org.nat.phonebook.TestBase -- Stop test
97330 [Test worker] ERROR org.nat.phonebook.TestBase -- *****************************
97334 [Test worker] INFO  org.nat.phonebook.TestBase -- Start test addContactPositiveTestFromDataProviderWithCSV with data: [Contact{name='Manuel-Le', phone='1234567899'}]
111963 [Test worker] ERROR org.nat.phonebook.TestBase -- FAILED: addContactPositiveTestFromDataProviderWithCSVScreenshot: D:\GitHub\Playwright_PHONE\screenshots\screen1754066773.png
111963 [Test worker] INFO  org.nat.phonebook.TestBase -- Stop test
111965 [Test worker] ERROR org.nat.phonebook.TestBase -- *****************************
111976 [Test worker] INFO  org.nat.phonebook.TestBase -- Start test addContactPositiveTestFromDataProviderWithCSV with data: [Contact{name='Manuel', phone='1234567899'}]
125881 [Test worker] ERROR org.nat.phonebook.TestBase -- FAILED: addContactPositiveTestFromDataProviderWithCSVScreenshot: D:\GitHub\Playwright_PHONE\screenshots\screen1754066787.png
125881 [Test worker] INFO  org.nat.phonebook.TestBase -- Stop test
125881 [Test worker] ERROR org.nat.phonebook.TestBase -- *****************************
125888 [Test worker] INFO  org.nat.phonebook.TestBase -- Start test existedUserRegistrationNegativeTest with data: []
137333 [Test worker] INFO  org.nat.phonebook.TestBase -- PASSED: existedUserRegistrationNegativeTest
137333 [Test worker] INFO  org.nat.phonebook.TestBase -- Stop test
137333 [Test worker] ERROR org.nat.phonebook.TestBase -- *****************************
137353 [Test worker] INFO  org.nat.phonebook.TestBase -- Start test isHomeComponentPresentTest with data: []
147606 [Test worker] INFO  org.nat.phonebook.TestBase -- PASSED: isHomeComponentPresentTest
147608 [Test worker] INFO  org.nat.phonebook.TestBase -- Stop test
147609 [Test worker] ERROR org.nat.phonebook.TestBase -- *****************************
147615 [Test worker] INFO  org.nat.phonebook.TestBase -- Start test loginNegativeTest with data: []
149294 [Test worker] INFO  org.nat.phonebook.TestBase -- PASSED: loginNegativeTest
149296 [Test worker] INFO  org.nat.phonebook.TestBase -- Stop test
149297 [Test worker] ERROR org.nat.phonebook.TestBase -- *****************************
149314 [Test worker] INFO  org.nat.phonebook.TestBase -- Start test loginPositiveTest with data: []
150663 [Test worker] INFO  org.nat.phonebook.TestBase -- PASSED: loginPositiveTest
150663 [Test worker] INFO  org.nat.phonebook.TestBase -- Stop test
150663 [Test worker] ERROR org.nat.phonebook.TestBase -- *****************************
150671 [Test worker] INFO  org.nat.phonebook.TestBase -- Start test loginPositiveTestWithScreencast with data: []
169048 [Test worker] INFO  org.nat.phonebook.TestBase -- PASSED: loginPositiveTestWithScreencast
169048 [Test worker] INFO  org.nat.phonebook.TestBase -- Stop test
169049 [Test worker] ERROR org.nat.phonebook.TestBase -- *****************************
169053 [Test worker] INFO  org.nat.phonebook.TestBase -- Start test removeContactPositiveTest with data: []
183164 [Test worker] INFO  org.nat.phonebook.TestBase -- PASSED: removeContactPositiveTest
183166 [Test worker] INFO  org.nat.phonebook.TestBase -- Stop test
183168 [Test worker] ERROR org.nat.phonebook.TestBase -- *****************************
